

Processing ContactsController#index (for 127.0.0.1 at 2009-05-20 10:40:27) [GET]

NameError (uninitialized constant ContactsController::Contacts):
  app/controllers/contacts_controller.rb:5:in `index'

Rendered rescues/_trace (47.7ms)
Rendered rescues/_request_and_response (34.9ms)
Rendering rescues/layout (internal_server_error)


Processing ApplicationController#index (for 127.0.0.1 at 2009-05-20 10:41:06) [GET]

NameError (uninitialized constant ContactController):
  

Rendered rescues/_trace (26.5ms)
Rendered rescues/_request_and_response (1.4ms)
Rendering rescues/layout (internal_server_error)


Processing ContactsController#index (for 127.0.0.1 at 2009-05-20 10:41:15) [GET]

NameError (uninitialized constant ContactsController::Contacts):
  app/controllers/contacts_controller.rb:5:in `index'

Rendered rescues/_trace (32.3ms)
Rendered rescues/_request_and_response (0.2ms)
Rendering rescues/layout (internal_server_error)


Processing ContactsController#index (for 127.0.0.1 at 2009-05-20 10:41:51) [GET]
  [4;36;1mContact Load (0.0ms)[0m   [0;1mSQLite3::SQLException: no such table: contacts: SELECT * FROM "contacts" [0m

ActiveRecord::StatementInvalid (SQLite3::SQLException: no such table: contacts: SELECT * FROM "contacts" ):
  app/controllers/contacts_controller.rb:5:in `index'

Rendered rescues/_trace (109.9ms)
Rendered rescues/_request_and_response (0.3ms)
Rendering rescues/layout (internal_server_error)
  [4;36;1mSQL (0.7ms)[0m   [0;1m SELECT name
 FROM sqlite_master
 WHERE type = 'table' AND NOT name = 'sqlite_sequence'
[0m
  [4;35;1mSQL (16.2ms)[0m   [0mselect sqlite_version(*)[0m
  [4;36;1mSQL (5.3ms)[0m   [0;1mCREATE TABLE "schema_migrations" ("version" varchar(255) NOT NULL) [0m
  [4;35;1mSQL (1.9ms)[0m   [0mCREATE UNIQUE INDEX "unique_schema_migrations" ON "schema_migrations" ("version")[0m
  [4;36;1mSQL (0.2ms)[0m   [0;1m SELECT name
 FROM sqlite_master
 WHERE type = 'table' AND NOT name = 'sqlite_sequence'
[0m
  [4;35;1mSQL (0.1ms)[0m   [0mSELECT version FROM schema_migrations[0m
Migrating to CreateContacts (20090520093334)
  [4;36;1mSQL (0.6ms)[0m   [0;1mCREATE TABLE "contacts" ("id" INTEGER PRIMARY KEY AUTOINCREMENT NOT NULL, "name" varchar(255), "email" varchar(255), "home_number" varchar(255), "created_at" datetime, "updated_at" datetime) [0m
  [4;35;1mSQL (0.1ms)[0m   [0mINSERT INTO schema_migrations (version) VALUES ('20090520093334')[0m
  [4;36;1mSQL (0.3ms)[0m   [0;1m SELECT name
 FROM sqlite_master
 WHERE type = 'table' AND NOT name = 'sqlite_sequence'
[0m
  [4;35;1mSQL (0.1ms)[0m   [0mSELECT version FROM schema_migrations[0m
  [4;36;1mSQL (0.2ms)[0m   [0;1m SELECT name
 FROM sqlite_master
 WHERE type = 'table' AND NOT name = 'sqlite_sequence'
[0m
  [4;35;1mSQL (0.0ms)[0m   [0mPRAGMA index_list("contacts")[0m


Processing ContactsController#index (for 127.0.0.1 at 2009-05-20 10:42:16) [GET]
  [4;36;1mContact Load (0.4ms)[0m   [0;1mSELECT * FROM "contacts" [0m
Rendering template within layouts/contacts
Rendering contacts/index

ActionView::TemplateError (undefined local variable or method `new_contacts_path' for #<ActionView::Base:0x2013db0>) on line #24 of app/views/contacts/index.html.erb:
21: 
22: <br />
23: 
24: <%= link_to 'New contacts', new_contacts_path %>

    app/views/contacts/index.html.erb:24
    app/controllers/contacts_controller.rb:7:in `index'

Rendered rescues/_trace (38.9ms)
Rendered rescues/_request_and_response (1.4ms)
Rendering rescues/layout (internal_server_error)


Processing ContactsController#index (for 127.0.0.1 at 2009-05-20 10:43:48) [GET]
  [4;36;1mContact Load (0.4ms)[0m   [0;1mSELECT * FROM "contacts" [0m
Rendering template within layouts/contacts
Rendering contacts/index
Completed in 46ms (View: 41, DB: 0) | 200 OK [http://localhost/contacts]


Processing ContactsController#new (for 127.0.0.1 at 2009-05-20 10:43:50) [GET]

NameError (uninitialized constant ContactsController::Contacts):
  app/controllers/contacts_controller.rb:27:in `new'

Rendered rescues/_trace (30.5ms)
Rendered rescues/_request_and_response (1.3ms)
Rendering rescues/layout (internal_server_error)


Processing ContactsController#new (for 127.0.0.1 at 2009-05-20 10:44:31) [GET]
Rendering template within layouts/contacts
Rendering contacts/new

ActionView::TemplateError (contact_url failed to generate from {:action=>"show", :controller=>"contacts"} - you may have ambiguous routes, or you may need to supply additional parameters for this route.  content_url has the following required parameters: ["contacts", :id] - are they all satisfied?) on line #23 of app/views/contacts/new.html.erb:
20:   </p>
21: <% end %>
22: 
23: <%= link_to 'Back', contact_path %>

    (eval):16:in `contact_path'
    app/views/contacts/new.html.erb:23
    app/controllers/contacts_controller.rb:29:in `new'

Rendered rescues/_trace (114.5ms)
Rendered rescues/_request_and_response (0.3ms)
Rendering rescues/layout (internal_server_error)


Processing ContactsController#new (for 127.0.0.1 at 2009-05-20 10:44:45) [GET]
Rendering template within layouts/contacts
Rendering contacts/new
Completed in 12ms (View: 7, DB: 0) | 200 OK [http://localhost/contacts/new]


Processing ContactsController#create (for 127.0.0.1 at 2009-05-20 10:44:57) [POST]
  Parameters: {"commit"=>"Create", "authenticity_token"=>"EEG0nv56YBogJfSa2Os2KrLonuK3gIVgNzhcOKN892Y=", "contact"=>{"name"=>"Andrew Chalkley", "home_number"=>"0987654321", "email"=>"test@test.com"}}
  [4;35;1mContact Create (18.4ms)[0m   [0mINSERT INTO "contacts" ("name", "updated_at", "home_number", "email", "created_at") VALUES(NULL, '2009-05-20 09:44:57', NULL, NULL, '2009-05-20 09:44:57')[0m
Redirected to http://localhost:3000/contacts/1
Completed in 68ms (DB: 18) | 302 Found [http://localhost/contacts]


Processing ContactsController#show (for 127.0.0.1 at 2009-05-20 10:44:57) [GET]
  Parameters: {"id"=>"1"}
  [4;36;1mContact Load (0.4ms)[0m   [0;1mSELECT * FROM "contacts" WHERE ("contacts"."id" = 1) [0m
Rendering template within layouts/contacts
Rendering contacts/show
Completed in 20ms (View: 12, DB: 0) | 200 OK [http://localhost/contacts/1]


Processing ContactsController#index (for 127.0.0.1 at 2009-05-20 10:45:00) [GET]
  [4;35;1mContact Load (0.5ms)[0m   [0mSELECT * FROM "contacts" [0m
Rendering template within layouts/contacts
Rendering contacts/index
Completed in 10ms (View: 4, DB: 0) | 200 OK [http://localhost/contacts]


Processing ContactsController#edit (for 127.0.0.1 at 2009-05-20 10:45:02) [GET]
  Parameters: {"id"=>"1"}
  [4;36;1mContact Load (0.4ms)[0m   [0;1mSELECT * FROM "contacts" WHERE ("contacts"."id" = 1) [0m
Rendering template within layouts/contacts
Rendering contacts/edit
Completed in 18ms (View: 10, DB: 0) | 200 OK [http://localhost/contacts/1/edit]


Processing ContactsController#show (for 127.0.0.1 at 2009-05-20 10:45:47) [GET]
  Parameters: {"id"=>"1"}
  [4;35;1mContact Load (0.3ms)[0m   [0mSELECT * FROM "contacts" WHERE ("contacts"."id" = 1) [0m
Rendering template within layouts/contacts
Rendering contacts/show
Completed in 12ms (View: 3, DB: 0) | 200 OK [http://localhost/contacts/1]


Processing ContactsController#index (for 127.0.0.1 at 2009-05-20 10:45:48) [GET]
  [4;36;1mContact Load (0.4ms)[0m   [0;1mSELECT * FROM "contacts" [0m
Rendering template within layouts/contacts
Rendering contacts/index
Completed in 7ms (View: 4, DB: 0) | 200 OK [http://localhost/contacts]


Processing ContactsController#destroy (for 127.0.0.1 at 2009-05-20 10:45:51) [DELETE]
  Parameters: {"authenticity_token"=>"EEG0nv56YBogJfSa2Os2KrLonuK3gIVgNzhcOKN892Y=", "id"=>"1"}
  [4;35;1mContact Load (0.2ms)[0m   [0mSELECT * FROM "contacts" WHERE ("contacts"."id" = 1) [0m
  [4;36;1mContact Destroy (0.3ms)[0m   [0;1mDELETE FROM "contacts" WHERE "id" = 1[0m
Redirected to http://localhost:3000/contacts
Completed in 8ms (DB: 0) | 302 Found [http://localhost/contacts/1]


Processing ContactsController#index (for 127.0.0.1 at 2009-05-20 10:45:51) [GET]
  [4;35;1mContact Load (0.3ms)[0m   [0mSELECT * FROM "contacts" [0m
Rendering template within layouts/contacts
Rendering contacts/index
Completed in 5ms (View: 1, DB: 0) | 200 OK [http://localhost/contacts]


Processing ContactsController#new (for 127.0.0.1 at 2009-05-20 10:45:53) [GET]
Rendering template within layouts/contacts
Rendering contacts/new
Completed in 10ms (View: 4, DB: 0) | 200 OK [http://localhost/contacts/new]


Processing ContactsController#create (for 127.0.0.1 at 2009-05-20 10:45:57) [POST]
  Parameters: {"commit"=>"Create", "authenticity_token"=>"EEG0nv56YBogJfSa2Os2KrLonuK3gIVgNzhcOKN892Y=", "contact"=>{"name"=>"asd", "home_number"=>"asdfhas", "email"=>"ad@asd.com"}}
  [4;36;1mContact Create (0.4ms)[0m   [0;1mINSERT INTO "contacts" ("name", "updated_at", "home_number", "email", "created_at") VALUES('asd', '2009-05-20 09:45:57', 'asdfhas', 'ad@asd.com', '2009-05-20 09:45:57')[0m
Redirected to http://localhost:3000/contacts/2
Completed in 10ms (DB: 0) | 302 Found [http://localhost/contacts]


Processing ContactsController#show (for 127.0.0.1 at 2009-05-20 10:45:57) [GET]
  Parameters: {"id"=>"2"}
  [4;35;1mContact Load (0.2ms)[0m   [0mSELECT * FROM "contacts" WHERE ("contacts"."id" = 2) [0m
Rendering template within layouts/contacts
Rendering contacts/show
Completed in 7ms (View: 2, DB: 0) | 200 OK [http://localhost/contacts/2]


Processing ContactsController#index (for 127.0.0.1 at 2009-05-20 10:45:59) [GET]
  [4;36;1mContact Load (0.4ms)[0m   [0;1mSELECT * FROM "contacts" [0m
Rendering template within layouts/contacts
Rendering contacts/index
Completed in 8ms (View: 4, DB: 0) | 200 OK [http://localhost/contacts]


Processing ContactsController#destroy (for 127.0.0.1 at 2009-05-20 10:46:01) [DELETE]
  Parameters: {"authenticity_token"=>"EEG0nv56YBogJfSa2Os2KrLonuK3gIVgNzhcOKN892Y=", "id"=>"2"}
  [4;35;1mContact Load (0.2ms)[0m   [0mSELECT * FROM "contacts" WHERE ("contacts"."id" = 2) [0m
  [4;36;1mContact Destroy (0.3ms)[0m   [0;1mDELETE FROM "contacts" WHERE "id" = 2[0m
Redirected to http://localhost:3000/contacts
Completed in 9ms (DB: 1) | 302 Found [http://localhost/contacts/2]


Processing ContactsController#index (for 127.0.0.1 at 2009-05-20 10:46:01) [GET]
  [4;35;1mContact Load (0.4ms)[0m   [0mSELECT * FROM "contacts" [0m
Rendering template within layouts/contacts
Rendering contacts/index
Completed in 5ms (View: 1, DB: 0) | 200 OK [http://localhost/contacts]
